Added Component: Designator=DS1307_?(DS1307)
Add component (AddParameter): Name = "Base Product Number"; Value = "DS1307"; VariantName = "[No Variations]"
Add component (AddParameter): Name = "ComponentLink1Description"; Value = "Datasheet"; VariantName = "[No Variations]"
Add component (AddParameter): Name = "ComponentLink1URL"; Value = "https://www.sparkfun.com/datasheets/Components/DS1307.pdf"; VariantName = "[No Variations]"
Add component (AddParameter): Name = "ComponentLink2Description"; Value = "Thegioiic"; VariantName = "[No Variations]"
Add component (AddParameter): Name = "ComponentLink2URL"; Value = "https://www.thegioiic.com/ds1307-ic-rtc-clock-calendar-56b-8-dip"; VariantName = "[No Variations]"
Add component (AddParameter): Name = "Current - Timekeeping (Max)"; Value = "200µA @ 5V"; VariantName = "[No Variations]"
Add component (AddParameter): Name = "Date Format"; Value = "YY-MM-DD-dd"; VariantName = "[No Variations]"
Add component (AddParameter): Name = "Features"; Value = "Leap Year, NVSRAM, Square Wave Output"; VariantName = "[No Variations]"
Add component (AddParameter): Name = "Interface"; Value = "I˛C, 2-Wire Serial"; VariantName = "[No Variations]"
Add component (AddParameter): Name = "Manufacturer"; Value = "Analog Devices Inc./Maxim Integrated"; VariantName = "[No Variations]"
Add component (AddParameter): Name = "Memory Size"; Value = "56B"; VariantName = "[No Variations]"
Add component (AddParameter): Name = "Mounting Type"; Value = "Through Hole"; VariantName = "[No Variations]"
Add component (AddParameter): Name = "Operating Temperature"; Value = "0°C ~ 70°C"; VariantName = "[No Variations]"
Add component (AddParameter): Name = "Package"; Value = "Tube"; VariantName = "[No Variations]"
Add component (AddParameter): Name = "Package / Case"; Value = "8-DIP (0.300", 7.62mm)"; VariantName = "[No Variations]"
Add component (AddParameter): Name = "Product Status"; Value = "Obsolete"; VariantName = "[No Variations]"
Add component (AddParameter): Name = "Supplier Device Package"; Value = "8-PDIP"; VariantName = "[No Variations]"
Add component (AddParameter): Name = "Time Format"; Value = "HH:MM:SS (12/24 hr)"; VariantName = "[No Variations]"
Add component (AddParameter): Name = "Type"; Value = "Clock/Calendar"; VariantName = "[No Variations]"
Add component (AddParameter): Name = "Voltage - Supply"; Value = "4.5V ~ 5.5V"; VariantName = "[No Variations]"
Add component (AddParameter): Name = "Voltage - Supply, Battery"; Value = "2V ~ 3.5V"; VariantName = "[No Variations]"
Added Component: Designator=LCD?(LCD1602)
Add component (AddParameter): Name = "Background Color"; Value = "Blue"; VariantName = "[No Variations]"
Add component (AddParameter): Name = "Backlight"; Value = "LED - Yellow/Green"; VariantName = "[No Variations]"
Add component (AddParameter): Name = "Character Format"; Value = "5 x 8 Dots"; VariantName = "[No Variations]"
Add component (AddParameter): Name = "Character Size"; Value = "5.15mm H x 2.90mm W"; VariantName = "[No Variations]"
Add component (AddParameter): Name = "ComponentLink1Description"; Value = "Hshop"; VariantName = "[No Variations]"
Add component (AddParameter): Name = "ComponentLink1URL"; Value = "https://hshop.vn/products/lcd-text-lcd1602-xanh-lo"; VariantName = "[No Variations]"
Add component (AddParameter): Name = "ComponentLink2Description"; Value = "Datasheet"; VariantName = "[No Variations]"
Add component (AddParameter): Name = "ComponentLink2URL"; Value = "https://www.waveshare.com/datasheet/LCD_en_PDF/LCD1602.pdf"; VariantName = "[No Variations]"
Add component (AddParameter): Name = "Controller Type"; Value = "HD44780"; VariantName = "[No Variations]"
Add component (AddParameter): Name = "Display Format"; Value = "16 x 2"; VariantName = "[No Variations]"
Add component (AddParameter): Name = "Display Type"; Value = "STN - Super-Twisted Nematic"; VariantName = "[No Variations]"
Add component (AddParameter): Name = "Dot Size"; Value = "0.55mm W x 0.65mm H"; VariantName = "[No Variations]"
Add component (AddParameter): Name = "Manufacturer"; Value = "UNIVERSAL-SOLDER Electronics Ltd"; VariantName = "[No Variations]"
Add component (AddParameter): Name = "Number of Characters"; Value = "32"; VariantName = "[No Variations]"
Add component (AddParameter): Name = "Operating Temperature"; Value = "-20°C ~ 70°C"; VariantName = "[No Variations]"
Add component (AddParameter): Name = "Outline L x W x H"; Value = "80.00mm x 36.00mm x 11.00mm"; VariantName = "[No Variations]"
Add component (AddParameter): Name = "Package"; Value = "Bag"; VariantName = "[No Variations]"
Add component (AddParameter): Name = "Product Status"; Value = "Active"; VariantName = "[No Variations]"
Add component (AddParameter): Name = "Text Color"; Value = "White"; VariantName = "[No Variations]"
Add component (AddParameter): Name = "Viewing Area"; Value = "55.70mm L x 11.00mm W"; VariantName = "[No Variations]"
Add component (AddParameter): Name = "Voltage - Supply"; Value = "4.5V ~ 5.5V"; VariantName = "[No Variations]"
Added Component: Designator=LOGO1(PIF LOGO SMALL TOP)
Added Component: Designator=U?(STM32F103C8T6)
Add component (AddParameter): Name = "Base Product Number"; Value = "STM32F103"; VariantName = "[No Variations]"
Add component (AddParameter): Name = "ComponentLink1Description"; Value = "MPU"; VariantName = "[No Variations]"
Add component (AddParameter): Name = "ComponentLink1URL"; Value = "https://www.thegioiic.com/stm32f103c8t6"; VariantName = "[No Variations]"
Add component (AddParameter): Name = "ComponentLink2Description"; Value = "Kit Bluepill"; VariantName = "[No Variations]"
Add component (AddParameter): Name = "ComponentLink2URL"; Value = "https://hshop.vn/products/kit-ra-chon-stm32f103c8t6"; VariantName = "[No Variations]"
Add component (AddParameter): Name = "ComponentLink3Description"; Value = "Datasheet"; VariantName = "[No Variations]"
Add component (AddParameter): Name = "ComponentLink3URL"; Value = "https://www.st.com/resource/en/datasheet/cd00161566.pdf"; VariantName = "[No Variations]"
Add component (AddParameter): Name = "Connectivity"; Value = "CANbus, I˛C, IrDA, LINbus, SPI, UART/USART, USB"; VariantName = "[No Variations]"
Add component (AddParameter): Name = "Core Processor"; Value = "ARM® Cortex®-M3"; VariantName = "[No Variations]"
Add component (AddParameter): Name = "Core Size"; Value = "32-Bit Single-Core"; VariantName = "[No Variations]"
Add component (AddParameter): Name = "Data Converters"; Value = "A/D 10x12b"; VariantName = "[No Variations]"
Add component (AddParameter): Name = "Manufacturer"; Value = "STMicroelectronics"; VariantName = "[No Variations]"
Add component (AddParameter): Name = "Mounting Type"; Value = "Surface Mount"; VariantName = "[No Variations]"
Add component (AddParameter): Name = "Number of I/O"; Value = "37"; VariantName = "[No Variations]"
Add component (AddParameter): Name = "Operating Temperature"; Value = "40°C ~ 85°C (TA)"; VariantName = "[No Variations]"
Add component (AddParameter): Name = "Oscillator Type"; Value = "Internal"; VariantName = "[No Variations]"
Add component (AddParameter): Name = "Package / Case"; Value = "48-LQFP"; VariantName = "[No Variations]"
Add component (AddParameter): Name = "Peripherals"; Value = "DMA, Motor Control PWM, PDR, POR, PVD, PWM, Temp Sensor, WDT"; VariantName = "[No Variations]"
Add component (AddParameter): Name = "Program Memory Size"; Value = "64KB (64K x 8)"; VariantName = "[No Variations]"
Add component (AddParameter): Name = "Program Memory Type"; Value = "FLASH"; VariantName = "[No Variations]"
Add component (AddParameter): Name = "RAM Size"; Value = "20K x 8"; VariantName = "[No Variations]"
Add component (AddParameter): Name = "Series"; Value = "STM32F1"; VariantName = "[No Variations]"
Add component (AddParameter): Name = "Speed"; Value = "72MHz"; VariantName = "[No Variations]"
Add component (AddParameter): Name = "Voltage - Supply (Vcc/Vdd)"; Value = "2V ~ 3.6V"; VariantName = "[No Variations]"
Added Component: Designator=VR?(Varistor 1)
Add component (AddParameter): Name = "Value"; Value = "VR 10K"; VariantName = "[No Variations]"
Added Pin To Net: NetName=+5 Pin=DS1307_?-11
Added Pin To Net: NetName=+5 Pin=LCD?-15
Added Net: Name=+5
Added Pin To Net: NetName=5V Pin=LCD?-2
Added Pin To Net: NetName=5V Pin=VR?-1
Added Net: Name=5V
Added Pin To Net: NetName=GND Pin=DS1307_?-12
Added Pin To Net: NetName=GND Pin=DS1307_?-12
Added Pin To Net: NetName=GND Pin=LCD?-1
Added Pin To Net: NetName=GND Pin=LCD?-16
Added Pin To Net: NetName=GND Pin=VR?-3
Added Net: Name=GND
Added Pin To Net: NetName=NetDHT11_1_2 Pin=U?-25
Added Net: Name=NetDHT11_1_2
Added Pin To Net: NetName=NetDS1307_?_9 Pin=DS1307_?-9
Added Pin To Net: NetName=NetDS1307_?_9 Pin=U?-35
Added Net: Name=NetDS1307_?_9
Added Pin To Net: NetName=NetDS1307_?_10 Pin=DS1307_?-10
Added Pin To Net: NetName=NetDS1307_?_10 Pin=U?-36
Added Net: Name=NetDS1307_?_10
Added Pin To Net: NetName=NetLCD?_3 Pin=LCD?-3
Added Pin To Net: NetName=NetLCD?_3 Pin=VR?-2
Added Net: Name=NetLCD?_3
Added Pin To Net: NetName=NetLCD?_4 Pin=LCD?-4
Added Pin To Net: NetName=NetLCD?_4 Pin=U?-1
Added Net: Name=NetLCD?_4
Added Pin To Net: NetName=NetLCD?_5 Pin=LCD?-5
Added Pin To Net: NetName=NetLCD?_5 Pin=U?-2
Added Net: Name=NetLCD?_5
Added Pin To Net: NetName=NetLCD?_6 Pin=LCD?-6
Added Pin To Net: NetName=NetLCD?_6 Pin=U?-3
Added Net: Name=NetLCD?_6
Added Pin To Net: NetName=NetLCD?_11 Pin=LCD?-11
Added Pin To Net: NetName=NetLCD?_11 Pin=U?-5
Added Net: Name=NetLCD?_11
Added Pin To Net: NetName=NetLCD?_12 Pin=LCD?-12
Added Pin To Net: NetName=NetLCD?_12 Pin=U?-6
Added Net: Name=NetLCD?_12
Added Pin To Net: NetName=NetLCD?_13 Pin=LCD?-13
Added Pin To Net: NetName=NetLCD?_13 Pin=U?-7
Added Net: Name=NetLCD?_13
Added Pin To Net: NetName=NetLCD?_14 Pin=LCD?-14
Added Pin To Net: NetName=NetLCD?_14 Pin=U?-8
Added Net: Name=NetLCD?_14
Added Pin To Net: NetName=NetRE_1_3 Pin=U?-12
Added Net: Name=NetRE_1_3
Added Pin To Net: NetName=NetRE_1_4 Pin=U?-11
Added Net: Name=NetRE_1_4
Added Pin To Net: NetName=NetRE_1_5 Pin=U?-10
Added Net: Name=NetRE_1_5
Added Class: Name=2023-02-24_PIFHomework_DigitalClock_ThangHo_V1-01
Added Room: Name=2023-02-24_PIFHomework_DigitalClock_ThangHo_V1-01
